2026-03-31 21:39:42,467 | INFO | etl_id=3e606d28-223d-45d1-8417-64e813362097 | ETL-запуск начат.
2026-03-31 21:41:07,881 | INFO | etl_id=68d4cdad-6150-474e-bd14-33b742a477ad | ETL-запуск начат.
2026-03-31 21:42:37,223 | INFO | etl_id=aa62724b-3b60-437f-8574-d5483d239520 | ETL-запуск начат.
2026-03-31 21:43:28,778 | INFO | etl_id=87e85559-944a-45e4-b2de-8ddae059686b | ETL-запуск начат.
2026-03-31 21:43:28,892 | INFO | etl_id=87e85559-944a-45e4-b2de-8ddae059686b | Текущий HWM: 2020-01-01T00:00:00+00:00
2026-03-31 21:43:29,222 | INFO | etl_id=87e85559-944a-45e4-b2de-8ddae059686b | Страница 0 обработана, получено строк: 20
2026-03-31 21:43:29,450 | INFO | etl_id=87e85559-944a-45e4-b2de-8ddae059686b | Страница 1 обработана, получено строк: 20
2026-03-31 21:43:29,646 | INFO | etl_id=87e85559-944a-45e4-b2de-8ddae059686b | Страница 2 обработана, получено строк: 20
2026-03-31 21:43:31,401 | INFO | etl_id=87e85559-944a-45e4-b2de-8ddae059686b | Сохранено в БД строк: 60
2026-03-31 21:43:31,402 | INFO | etl_id=87e85559-944a-45e4-b2de-8ddae059686b | Сохранено в parquet: hh_etl_notebook_project/data/hh_increment_20260331_184331.parquet
2026-03-31 21:43:31,402 | INFO | etl_id=87e85559-944a-45e4-b2de-8ddae059686b | ETL-запуск завершён. Итоговых новых строк: 60
2026-03-31 21:45:06,629 | INFO | etl_id=0bdab78d-c32d-4ea2-8a2f-5288b3c4f842 | ETL-запуск начат.
2026-03-31 21:45:06,641 | INFO | etl_id=0bdab78d-c32d-4ea2-8a2f-5288b3c4f842 | Текущий HWM: 2026-03-31T17:22:28+00:00
2026-03-31 21:45:06,884 | INFO | etl_id=0bdab78d-c32d-4ea2-8a2f-5288b3c4f842 | Страница 0 обработана, получено строк: 1
2026-03-31 21:45:07,012 | INFO | etl_id=0bdab78d-c32d-4ea2-8a2f-5288b3c4f842 | Страница 1 обработана, получено строк: 0
2026-03-31 21:45:07,203 | INFO | etl_id=0bdab78d-c32d-4ea2-8a2f-5288b3c4f842 | Страница 2 обработана, получено строк: 0
2026-03-31 21:45:07,214 | INFO | etl_id=0bdab78d-c32d-4ea2-8a2f-5288b3c4f842 | Новых записей нет, сохранение не требуется.
2026-03-31 21:45:07,215 | INFO | etl_id=0bdab78d-c32d-4ea2-8a2f-5288b3c4f842 | ETL-запуск завершён. Итоговых новых строк: 0
2026-03-31 21:45:43,812 | INFO | etl_id=e37737e9-25d7-448a-a3b4-d220a3470630 | ETL-запуск начат.
2026-03-31 21:45:43,828 | INFO | etl_id=e37737e9-25d7-448a-a3b4-d220a3470630 | Текущий HWM: 2026-03-31T17:22:28+00:00
2026-03-31 21:45:44,044 | INFO | etl_id=e37737e9-25d7-448a-a3b4-d220a3470630 | Страница 0 обработана, получено строк: 1
2026-03-31 21:45:44,271 | INFO | etl_id=e37737e9-25d7-448a-a3b4-d220a3470630 | Страница 1 обработана, получено строк: 0
2026-03-31 21:45:44,420 | INFO | etl_id=e37737e9-25d7-448a-a3b4-d220a3470630 | Страница 2 обработана, получено строк: 0
2026-03-31 21:45:44,428 | INFO | etl_id=e37737e9-25d7-448a-a3b4-d220a3470630 | Новых записей нет, сохранение не требуется.
2026-03-31 21:45:44,429 | INFO | etl_id=e37737e9-25d7-448a-a3b4-d220a3470630 | ETL-запуск завершён. Итоговых новых строк: 0
2026-03-31 21:46:01,319 | INFO | etl_id=6c825977-61ad-4547-8909-5d3a927aa83f | ETL-запуск начат.
2026-03-31 21:46:01,342 | INFO | etl_id=6c825977-61ad-4547-8909-5d3a927aa83f | Текущий HWM: 2026-03-31T17:22:28+00:00
2026-03-31 21:46:01,484 | INFO | etl_id=6c825977-61ad-4547-8909-5d3a927aa83f | Страница 0 обработана, получено строк: 1
2026-03-31 21:46:01,624 | INFO | etl_id=6c825977-61ad-4547-8909-5d3a927aa83f | Страница 1 обработана, получено строк: 0
2026-03-31 21:46:01,773 | INFO | etl_id=6c825977-61ad-4547-8909-5d3a927aa83f | Страница 2 обработана, получено строк: 0
2026-03-31 21:46:01,779 | INFO | etl_id=6c825977-61ad-4547-8909-5d3a927aa83f | Новых записей нет, сохранение не требуется.
2026-03-31 21:46:01,780 | INFO | etl_id=6c825977-61ad-4547-8909-5d3a927aa83f | ETL-запуск завершён. Итоговых новых строк: 0
2026-03-31 21:56:40,323 | INFO | etl_id=223377a3-4466-4031-bbca-8ee1dd8e6848 | ETL-запуск начат.
2026-03-31 21:56:40,422 | INFO | etl_id=223377a3-4466-4031-bbca-8ee1dd8e6848 | Текущий HWM: 2026-03-31T17:22:28+00:00
2026-03-31 21:56:40,776 | INFO | etl_id=223377a3-4466-4031-bbca-8ee1dd8e6848 | Страница 0 обработана, получено строк: 1
2026-03-31 21:56:40,888 | INFO | etl_id=223377a3-4466-4031-bbca-8ee1dd8e6848 | Страница 1 обработана, получено строк: 0
2026-03-31 21:56:41,033 | INFO | etl_id=223377a3-4466-4031-bbca-8ee1dd8e6848 | Страница 2 обработана, получено строк: 0
2026-03-31 21:56:41,210 | INFO | etl_id=223377a3-4466-4031-bbca-8ee1dd8e6848 | Страница 3 обработана, получено строк: 0
2026-03-31 21:56:41,220 | INFO | etl_id=223377a3-4466-4031-bbca-8ee1dd8e6848 | Новых записей нет, сохранение не требуется.
2026-03-31 21:56:41,221 | INFO | etl_id=223377a3-4466-4031-bbca-8ee1dd8e6848 | ETL-запуск завершён. Итоговых новых строк: 0
